<?xml version="1.0" encoding="UTF-8"?>
<testng-results ignored="0" total="1" passed="1" failed="0" skipped="0">
  <reporter-output>
  </reporter-output>
  <suite started-at="2022-07-07T22:06:45 CDT" name="Default suite" finished-at="2022-07-07T22:07:17 CDT" duration-ms="32669">
    <groups>
      <group name="cucumber">
        <method signature="AbstractTestNGCucumberTests.runScenario(io.cucumber.testng.PickleWrapper,io.cucumber.testng.FeatureWrapper)[pri:0, instance:testRunners.ShoppingTest@909217e]" name="runScenario" class="io.cucumber.testng.AbstractTestNGCucumberTests"/>
      </group> <!-- cucumber -->
    </groups>
    <test started-at="2022-07-07T22:06:45 CDT" name="Default test" finished-at="2022-07-07T22:07:17 CDT" duration-ms="32669">
      <class name="testRunners.ShoppingTest">
        <test-method is-config="true" signature="setUpClass(org.testng.ITestContext)[pri:0, instance:testRunners.ShoppingTest@909217e]" started-at="2022-07-07T22:06:45 CDT" name="setUpClass" finished-at="2022-07-07T22:06:45 CDT" duration-ms="223" status="PASS">
          <params>
            <param index="0">
              <value>
                <![CDATA[org.testng.TestRunner@6342ff7f]]>
              </value>
            </param>
          </params>
          <reporter-output>
          </reporter-output>
        </test-method> <!-- setUpClass -->
        <test-method signature="runScenario(io.cucumber.testng.PickleWrapper,io.cucumber.testng.FeatureWrapper)[pri:0, instance:testRunners.ShoppingTest@909217e]" started-at="2022-07-07T22:06:45 CDT" name="runScenario" description="Runs Cucumber Scenarios" data-provider="scenarios" finished-at="2022-07-07T22:07:17 CDT" duration-ms="32386" status="PASS">
          <params>
            <param index="0">
              <value>
                <![CDATA["As a normal user I should be able to log in with valid credentials and buy a blouse"]]>
              </value>
            </param>
            <param index="1">
              <value>
                <![CDATA["Buying a Blouse"]]>
              </value>
            </param>
          </params>
          <reporter-output>
          </reporter-output>
        </test-method> <!-- runScenario -->
        <test-method is-config="true" signature="tearDownClass()[pri:0, instance:testRunners.ShoppingTest@909217e]" started-at="2022-07-07T22:07:17 CDT" name="tearDownClass" finished-at="2022-07-07T22:07:17 CDT" duration-ms="12" status="PASS">
          <reporter-output>
          </reporter-output>
        </test-method> <!-- tearDownClass -->
      </class> <!-- testRunners.ShoppingTest -->
    </test> <!-- Default test -->
  </suite> <!-- Default suite -->
</testng-results>
